<?xml version="1.0" encoding="UTF-8"?>
<testng-results ignored="0" total="1" passed="1" failed="0" skipped="0">
  <reporter-output>
  </reporter-output>
  <suite started-at="2023-05-07T14:32:35 IST" name="Default suite" finished-at="2023-05-07T14:32:57 IST" duration-ms="22481">
    <groups>
    </groups>
    <test started-at="2023-05-07T14:32:35 IST" name="Default test" finished-at="2023-05-07T14:32:57 IST" duration-ms="22481">
      <class name="com.mystore.testcases.TC_MyAccountPageTest">
        <test-method is-config="true" signature="xyz()[pri:0, instance:com.mystore.testcases.TC_MyAccountPageTest@411f53a0]" started-at="2023-05-07T14:32:35 IST" name="xyz" finished-at="2023-05-07T14:32:41 IST" duration-ms="5783" status="PASS">
          <reporter-output>
          </reporter-output>
        </test-method> <!-- xyz -->
        <test-method signature="verifyRegistrationAndLogin()[pri:0, instance:com.mystore.testcases.TC_MyAccountPageTest@411f53a0]" started-at="2023-05-07T14:32:41 IST" name="verifyRegistrationAndLogin" finished-at="2023-05-07T14:32:57 IST" duration-ms="16230" status="PASS">
          <reporter-output>
          </reporter-output>
        </test-method> <!-- verifyRegistrationAndLogin -->
        <test-method is-config="true" signature="tearDown()[pri:0, instance:com.mystore.testcases.TC_MyAccountPageTest@411f53a0]" started-at="2023-05-07T14:32:57 IST" name="tearDown" finished-at="2023-05-07T14:32:57 IST" duration-ms="370" status="PASS">
          <reporter-output>
          </reporter-output>
        </test-method> <!-- tearDown -->
      </class> <!-- com.mystore.testcases.TC_MyAccountPageTest -->
    </test> <!-- Default test -->
  </suite> <!-- Default suite -->
</testng-results>
